c:\users\sorianom\documents\ecs api\ecs api\x64\debug\vc143.pdb
c:\users\sorianom\documents\ecs api\ecs api\x64\debug\vc143.idb
c:\users\sorianom\documents\ecs api\ecs api\x64\debug\ecs api.obj
c:\users\sorianom\documents\ecs api\ecs api\x64\debug\ecs api.ilk
c:\users\sorianom\documents\ecs api\x64\debug\ecs api.pdb
c:\users\sorianom\documents\ecs api\ecs api\x64\debug\ecs api.tlog\cl.command.1.tlog
c:\users\sorianom\documents\ecs api\ecs api\x64\debug\ecs api.tlog\cl.items.tlog
c:\users\sorianom\documents\ecs api\ecs api\x64\debug\ecs api.tlog\cl.read.1.tlog
c:\users\sorianom\documents\ecs api\ecs api\x64\debug\ecs api.tlog\cl.write.1.tlog
c:\users\sorianom\documents\ecs api\ecs api\x64\debug\ecs api.tlog\link-cvtres.read.1.tlog
c:\users\sorianom\documents\ecs api\ecs api\x64\debug\ecs api.tlog\link-cvtres.write.1.tlog
c:\users\sorianom\documents\ecs api\ecs api\x64\debug\ecs api.tlog\link-rc.read.1.tlog
c:\users\sorianom\documents\ecs api\ecs api\x64\debug\ecs api.tlog\link-rc.write.1.tlog
c:\users\sorianom\documents\ecs api\ecs api\x64\debug\ecs api.tlog\link.50416-cvtres.read.1.tlog
c:\users\sorianom\documents\ecs api\ecs api\x64\debug\ecs api.tlog\link.50416-cvtres.write.1.tlog
c:\users\sorianom\documents\ecs api\ecs api\x64\debug\ecs api.tlog\link.50416-rc.read.1.tlog
c:\users\sorianom\documents\ecs api\ecs api\x64\debug\ecs api.tlog\link.50416-rc.write.1.tlog
c:\users\sorianom\documents\ecs api\ecs api\x64\debug\ecs api.tlog\link.50416.read.1.tlog
c:\users\sorianom\documents\ecs api\ecs api\x64\debug\ecs api.tlog\link.50416.read.2.tlog
c:\users\sorianom\documents\ecs api\ecs api\x64\debug\ecs api.tlog\link.50416.read.3.tlog
c:\users\sorianom\documents\ecs api\ecs api\x64\debug\ecs api.tlog\link.50416.read.4.tlog
c:\users\sorianom\documents\ecs api\ecs api\x64\debug\ecs api.tlog\link.50416.write.1.tlog
c:\users\sorianom\documents\ecs api\ecs api\x64\debug\ecs api.tlog\link.command.1.tlog
c:\users\sorianom\documents\ecs api\ecs api\x64\debug\ecs api.tlog\link.read.1.tlog
c:\users\sorianom\documents\ecs api\ecs api\x64\debug\ecs api.tlog\link.read.2.tlog
c:\users\sorianom\documents\ecs api\ecs api\x64\debug\ecs api.tlog\link.read.3.tlog
c:\users\sorianom\documents\ecs api\ecs api\x64\debug\ecs api.tlog\link.read.4.tlog
c:\users\sorianom\documents\ecs api\ecs api\x64\debug\ecs api.tlog\link.secondary.1.tlog
c:\users\sorianom\documents\ecs api\ecs api\x64\debug\ecs api.tlog\link.write.1.tlog
